1533685809271	geckodriver	INFO	geckodriver 0.21.0
1533685809277	geckodriver	INFO	Listening on 127.0.0.1:47960
1533685810295	mozrunner::runner	INFO	Running command: "/usr/bin/firefox" "-marionette" "-foreground" "-no-remote" "-profile" "/tmp/rust_mozprofile.fLAj56U7Uezu"
1533685813580	Marionette	INFO	Listening on port 39350
1533685813608	Marionette	WARN	TLS certificate errors will be ignored for this session
JavaScript warning: http://libs.baidu.com/jquery/1.10.1/jquery.min.js?ver=1.10.1, line 1: Using //@ to indicate sourceMappingURL pragmas is deprecated. Use //# instead
1533685867348	geckodriver	INFO	geckodriver 0.21.0
1533685867352	geckodriver	INFO	Listening on 127.0.0.1:47539
1533685868352	mozrunner::runner	INFO	Running command: "/usr/bin/firefox" "-marionette" "-foreground" "-no-remote" "-profile" "/tmp/rust_mozprofile.MV5FYVfKQuRW"
1533685871089	Marionette	INFO	Listening on port 37401
1533685871166	Marionette	WARN	TLS certificate errors will be ignored for this session
JavaScript error: http://bdimg.share.baidu.com/static/api/js/trans/logger.js?v=60603cb3.js, line 1: TypeError: n.ajax.request is not a function
JavaScript warning: http://libs.baidu.com/jquery/1.10.1/jquery.min.js?ver=1.10.1, line 1: Using //@ to indicate sourceMappingURL pragmas is deprecated. Use //# instead
JavaScript error: http://bdimg.share.baidu.com/static/api/js/trans/logger.js?v=60603cb3.js, line 1: TypeError: n.ajax.request is not a function
JavaScript warning: http://libs.baidu.com/jquery/1.10.1/jquery.min.js?ver=1.10.1, line 1: Using //@ to indicate sourceMappingURL pragmas is deprecated. Use //# instead
1533686065407	geckodriver	INFO	geckodriver 0.21.0
1533686065411	geckodriver	INFO	Listening on 127.0.0.1:50864
1533686066410	mozrunner::runner	INFO	Running command: "/usr/bin/firefox" "-marionette" "-foreground" "-no-remote" "-profile" "/tmp/rust_mozprofile.VaTBCasM3XuU"
1533686069981	Marionette	INFO	Listening on port 34890
1533686070030	Marionette	WARN	TLS certificate errors will be ignored for this session
JavaScript error: http://bdimg.share.baidu.com/static/api/js/trans/logger.js?v=60603cb3.js, line 1: TypeError: n.ajax.request is not a function
[Parent 27961, Gecko_IOThread] WARNING: pipe error (54): Connection reset by peer: file /build/firefox-mWstsA/firefox-61.0.1+build1/ipc/chromium/src/chrome/common/ipc_channel_posix.cc, line 353
JavaScript warning: http://libs.baidu.com/jquery/1.10.1/jquery.min.js?ver=1.10.1, line 1: Using //@ to indicate sourceMappingURL pragmas is deprecated. Use //# instead
JavaScript error: http://bdimg.share.baidu.com/static/api/js/trans/logger.js?v=60603cb3.js, line 1: TypeError: n.ajax.request is not a function
JavaScript warning: http://libs.baidu.com/jquery/1.10.1/jquery.min.js?ver=1.10.1, line 1: Using //@ to indicate sourceMappingURL pragmas is deprecated. Use //# instead
1533695180461	geckodriver	INFO	geckodriver 0.21.0
1533695180464	geckodriver	INFO	Listening on 127.0.0.1:51187
1533695181516	mozrunner::runner	INFO	Running command: "/usr/bin/firefox" "-marionette" "-foreground" "-no-remote" "-profile" "/tmp/rust_mozprofile.tnvdFfBhk53N"
1533695181748	addons.xpi	WARN	Can't get modified time of /usr/lib64/firefox/browser/features/aushelper@mozilla.org.xpi
1533695181808	addons.xpi-utils	WARN	addMetadata: Add-on aushelper@mozilla.org is invalid: [Exception... "Component returned failure code: 0x80520006 (NS_ERROR_FILE_TARGET_DOES_NOT_EXIST) [nsIFile.isFile]"  nsresult: "0x80520006 (NS_ERROR_FILE_TARGET_DOES_NOT_EXIST)"  location: "JS frame :: resource://gre/modules/addons/XPIInstall.jsm :: get :: line 240"  data: no] Stack trace: get()@resource://gre/modules/addons/XPIInstall.jsm:240
loadManifestFromFile()@resource://gre/modules/addons/XPIInstall.jsm:967
syncLoadManifestFromFile()@resource://gre/modules/addons/XPIInstall.jsm:981
addMetadata()@resource://gre/modules/addons/XPIDatabase.jsm:2490
processFileChanges()@resource://gre/modules/addons/XPIDatabase.jsm:2833
checkForChanges()@resource://gre/modules/addons/XPIProvider.jsm:2152
startup()@resource://gre/modules/addons/XPIProvider.jsm:1591
callProvider()@resource://gre/modules/AddonManager.jsm:207
_startProvider()@resource://gre/modules/AddonManager.jsm:655
startup()@resource://gre/modules/AddonManager.jsm:819
startup()@resource://gre/modules/AddonManager.jsm:2885
observe()@jar:file:///usr/lib64/firefox/omni.ja!/components/addonManager.js:66
1533695181809	addons.xpi-utils	WARN	Could not uninstall invalid item from locked install location
1533695182568	addons.xpi	WARN	Can't get modified time of /usr/lib64/firefox/browser/features/aushelper@mozilla.org.xpi
1533695182698	Marionette	INFO	Listening on port 37529
1533695182743	Marionette	WARN	TLS certificate errors will be ignored for this session
JavaScript warning: http://libs.baidu.com/jquery/1.10.1/jquery.min.js?ver=1.10.1, line 1: Using //@ to indicate sourceMappingURL pragmas is deprecated. Use //# instead
JavaScript error: http://bdimg.share.baidu.com/static/api/js/trans/logger.js?v=60603cb3.js, line 1: TypeError: n.ajax.request is not a function
JavaScript warning: http://libs.baidu.com/jquery/1.10.1/jquery.min.js?ver=1.10.1, line 1: Using //@ to indicate sourceMappingURL pragmas is deprecated. Use //# instead
1533695207973	geckodriver	INFO	geckodriver 0.21.0
1533695207976	geckodriver	INFO	Listening on 127.0.0.1:39635
1533695209028	mozrunner::runner	INFO	Running command: "/usr/bin/firefox" "-marionette" "-foreground" "-no-remote" "-profile" "/tmp/rust_mozprofile.q9qn07jkSNPb"
1533695209200	addons.xpi	WARN	Can't get modified time of /usr/lib64/firefox/browser/features/aushelper@mozilla.org.xpi
1533695209258	addons.xpi-utils	WARN	addMetadata: Add-on aushelper@mozilla.org is invalid: [Exception... "Component returned failure code: 0x80520006 (NS_ERROR_FILE_TARGET_DOES_NOT_EXIST) [nsIFile.isFile]"  nsresult: "0x80520006 (NS_ERROR_FILE_TARGET_DOES_NOT_EXIST)"  location: "JS frame :: resource://gre/modules/addons/XPIInstall.jsm :: get :: line 240"  data: no] Stack trace: get()@resource://gre/modules/addons/XPIInstall.jsm:240
loadManifestFromFile()@resource://gre/modules/addons/XPIInstall.jsm:967
syncLoadManifestFromFile()@resource://gre/modules/addons/XPIInstall.jsm:981
addMetadata()@resource://gre/modules/addons/XPIDatabase.jsm:2490
processFileChanges()@resource://gre/modules/addons/XPIDatabase.jsm:2833
checkForChanges()@resource://gre/modules/addons/XPIProvider.jsm:2152
startup()@resource://gre/modules/addons/XPIProvider.jsm:1591
callProvider()@resource://gre/modules/AddonManager.jsm:207
_startProvider()@resource://gre/modules/AddonManager.jsm:655
startup()@resource://gre/modules/AddonManager.jsm:819
startup()@resource://gre/modules/AddonManager.jsm:2885
observe()@jar:file:///usr/lib64/firefox/omni.ja!/components/addonManager.js:66
1533695209259	addons.xpi-utils	WARN	Could not uninstall invalid item from locked install location
1533695210037	addons.xpi	WARN	Can't get modified time of /usr/lib64/firefox/browser/features/aushelper@mozilla.org.xpi
1533695210190	Marionette	INFO	Listening on port 43495
1533695210239	Marionette	WARN	TLS certificate errors will be ignored for this session
JavaScript warning: http://libs.baidu.com/jquery/1.10.1/jquery.min.js?ver=1.10.1, line 1: Using //@ to indicate sourceMappingURL pragmas is deprecated. Use //# instead
JavaScript error: http://bdimg.share.baidu.com/static/api/js/trans/logger.js?v=60603cb3.js, line 1: TypeError: n.ajax.request is not a function
JavaScript error: http://bdimg.share.baidu.com/static/api/js/trans/logger.js?v=60603cb3.js, line 1: TypeError: n.ajax.request is not a function
*** UTM:SVC TimerManager:registerTimer called after profile-before-change notification. Ignoring timer registration for id: telemetry_modules_ping
JavaScript error: http://bdimg.share.baidu.com/static/api/js/trans/logger.js?v=60603cb3.js, line 1: TypeError: n.ajax.request is not a function
[Parent 7638, Gecko_IOThread] WARNING: pipe error (58): Connection reset by peer: file /builddir/build/BUILD/firefox-61.0.1/ipc/chromium/src/chrome/common/ipc_channel_posix.cc, line 353
*** UTM:SVC TimerManager:registerTimer called after profile-before-change notification. Ignoring timer registration for id: telemetry_modules_ping
1533695247058	geckodriver	INFO	geckodriver 0.21.0
1533695247061	geckodriver	INFO	Listening on 127.0.0.1:60403
1533695248107	mozrunner::runner	INFO	Running command: "/usr/bin/firefox" "-marionette" "-foreground" "-no-remote" "-profile" "/tmp/rust_mozprofile.EG1L5m2KsDyq"
1533695248283	addons.xpi	WARN	Can't get modified time of /usr/lib64/firefox/browser/features/aushelper@mozilla.org.xpi
1533695248340	addons.xpi-utils	WARN	addMetadata: Add-on aushelper@mozilla.org is invalid: [Exception... "Component returned failure code: 0x80520006 (NS_ERROR_FILE_TARGET_DOES_NOT_EXIST) [nsIFile.isFile]"  nsresult: "0x80520006 (NS_ERROR_FILE_TARGET_DOES_NOT_EXIST)"  location: "JS frame :: resource://gre/modules/addons/XPIInstall.jsm :: get :: line 240"  data: no] Stack trace: get()@resource://gre/modules/addons/XPIInstall.jsm:240
loadManifestFromFile()@resource://gre/modules/addons/XPIInstall.jsm:967
syncLoadManifestFromFile()@resource://gre/modules/addons/XPIInstall.jsm:981
addMetadata()@resource://gre/modules/addons/XPIDatabase.jsm:2490
processFileChanges()@resource://gre/modules/addons/XPIDatabase.jsm:2833
checkForChanges()@resource://gre/modules/addons/XPIProvider.jsm:2152
startup()@resource://gre/modules/addons/XPIProvider.jsm:1591
callProvider()@resource://gre/modules/AddonManager.jsm:207
_startProvider()@resource://gre/modules/AddonManager.jsm:655
startup()@resource://gre/modules/AddonManager.jsm:819
startup()@resource://gre/modules/AddonManager.jsm:2885
observe()@jar:file:///usr/lib64/firefox/omni.ja!/components/addonManager.js:66
1533695248341	addons.xpi-utils	WARN	Could not uninstall invalid item from locked install location
1533695249084	addons.xpi	WARN	Can't get modified time of /usr/lib64/firefox/browser/features/aushelper@mozilla.org.xpi
1533695249199	Marionette	INFO	Listening on port 40969
1533695249215	Marionette	WARN	TLS certificate errors will be ignored for this session
JavaScript warning: http://libs.baidu.com/jquery/1.10.1/jquery.min.js?ver=1.10.1, line 1: Using //@ to indicate sourceMappingURL pragmas is deprecated. Use //# instead
JavaScript error: http://bdimg.share.baidu.com/static/api/js/trans/logger.js?v=60603cb3.js, line 1: TypeError: n.ajax.request is not a function
JavaScript warning: http://libs.baidu.com/jquery/1.10.1/jquery.min.js?ver=1.10.1, line 1: Using //@ to indicate sourceMappingURL pragmas is deprecated. Use //# instead
JavaScript error: http://bdimg.share.baidu.com/static/api/js/trans/logger.js?v=60603cb3.js, line 1: TypeError: n.ajax.request is not a function
*** UTM:SVC TimerManager:registerTimer called after profile-before-change notification. Ignoring timer registration for id: telemetry_modules_ping
JavaScript error: resource://gre/modules/osfile/osfile_async_front.jsm, line 408: Error: OS.File has been shut down. Rejecting post to stat
1533696077662	geckodriver	INFO	geckodriver 0.21.0
1533696077665	geckodriver	INFO	Listening on 127.0.0.1:43203
1533696078717	mozrunner::runner	INFO	Running command: "/usr/bin/firefox" "-marionette" "-foreground" "-no-remote" "-profile" "/tmp/rust_mozprofile.bTYc38RhjjCF"
1533696078943	addons.xpi	WARN	Can't get modified time of /usr/lib64/firefox/browser/features/aushelper@mozilla.org.xpi
1533696079002	addons.xpi-utils	WARN	addMetadata: Add-on aushelper@mozilla.org is invalid: [Exception... "Component returned failure code: 0x80520006 (NS_ERROR_FILE_TARGET_DOES_NOT_EXIST) [nsIFile.isFile]"  nsresult: "0x80520006 (NS_ERROR_FILE_TARGET_DOES_NOT_EXIST)"  location: "JS frame :: resource://gre/modules/addons/XPIInstall.jsm :: get :: line 240"  data: no] Stack trace: get()@resource://gre/modules/addons/XPIInstall.jsm:240
loadManifestFromFile()@resource://gre/modules/addons/XPIInstall.jsm:967
syncLoadManifestFromFile()@resource://gre/modules/addons/XPIInstall.jsm:981
addMetadata()@resource://gre/modules/addons/XPIDatabase.jsm:2490
processFileChanges()@resource://gre/modules/addons/XPIDatabase.jsm:2833
checkForChanges()@resource://gre/modules/addons/XPIProvider.jsm:2152
startup()@resource://gre/modules/addons/XPIProvider.jsm:1591
callProvider()@resource://gre/modules/AddonManager.jsm:207
_startProvider()@resource://gre/modules/AddonManager.jsm:655
startup()@resource://gre/modules/AddonManager.jsm:819
startup()@resource://gre/modules/AddonManager.jsm:2885
observe()@jar:file:///usr/lib64/firefox/omni.ja!/components/addonManager.js:66
1533696079003	addons.xpi-utils	WARN	Could not uninstall invalid item from locked install location
1533696079811	addons.xpi	WARN	Can't get modified time of /usr/lib64/firefox/browser/features/aushelper@mozilla.org.xpi
1533696080011	Marionette	INFO	Listening on port 45417
1533696080046	Marionette	WARN	TLS certificate errors will be ignored for this session
JavaScript warning: http://libs.baidu.com/jquery/1.10.1/jquery.min.js?ver=1.10.1, line 1: Using //@ to indicate sourceMappingURL pragmas is deprecated. Use //# instead
JavaScript error: https://start.fedoraproject.org/, line 292: TypeError: $(...).uls is not a function
JavaScript warning: http://libs.baidu.com/jquery/1.10.1/jquery.min.js?ver=1.10.1, line 1: Using //@ to indicate sourceMappingURL pragmas is deprecated. Use //# instead
1533696156301	geckodriver	INFO	geckodriver 0.21.0
1533696156305	geckodriver	INFO	Listening on 127.0.0.1:53793
1533696157362	mozrunner::runner	INFO	Running command: "/usr/bin/firefox" "-marionette" "-foreground" "-no-remote" "-profile" "/tmp/rust_mozprofile.2QwlLaTtM3Zf"
1533696157609	addons.xpi	WARN	Can't get modified time of /usr/lib64/firefox/browser/features/aushelper@mozilla.org.xpi
1533696157683	addons.xpi-utils	WARN	addMetadata: Add-on aushelper@mozilla.org is invalid: [Exception... "Component returned failure code: 0x80520006 (NS_ERROR_FILE_TARGET_DOES_NOT_EXIST) [nsIFile.isFile]"  nsresult: "0x80520006 (NS_ERROR_FILE_TARGET_DOES_NOT_EXIST)"  location: "JS frame :: resource://gre/modules/addons/XPIInstall.jsm :: get :: line 240"  data: no] Stack trace: get()@resource://gre/modules/addons/XPIInstall.jsm:240
loadManifestFromFile()@resource://gre/modules/addons/XPIInstall.jsm:967
syncLoadManifestFromFile()@resource://gre/modules/addons/XPIInstall.jsm:981
addMetadata()@resource://gre/modules/addons/XPIDatabase.jsm:2490
processFileChanges()@resource://gre/modules/addons/XPIDatabase.jsm:2833
checkForChanges()@resource://gre/modules/addons/XPIProvider.jsm:2152
startup()@resource://gre/modules/addons/XPIProvider.jsm:1591
callProvider()@resource://gre/modules/AddonManager.jsm:207
_startProvider()@resource://gre/modules/AddonManager.jsm:655
startup()@resource://gre/modules/AddonManager.jsm:819
startup()@resource://gre/modules/AddonManager.jsm:2885
observe()@jar:file:///usr/lib64/firefox/omni.ja!/components/addonManager.js:66
1533696157684	addons.xpi-utils	WARN	Could not uninstall invalid item from locked install location
1533696158516	addons.xpi	WARN	Can't get modified time of /usr/lib64/firefox/browser/features/aushelper@mozilla.org.xpi
1533696158802	Marionette	INFO	Listening on port 41561
1533696158881	Marionette	WARN	TLS certificate errors will be ignored for this session
JavaScript warning: http://libs.baidu.com/jquery/1.10.1/jquery.min.js?ver=1.10.1, line 1: Using //@ to indicate sourceMappingURL pragmas is deprecated. Use //# instead
JavaScript error: https://start.fedoraproject.org/, line 292: TypeError: $(...).uls is not a function
JavaScript error: http://bdimg.share.baidu.com/static/api/js/trans/logger.js?v=60603cb3.js, line 1: TypeError: n.ajax.request is not a function
JavaScript warning: http://libs.baidu.com/jquery/1.10.1/jquery.min.js?ver=1.10.1, line 1: Using //@ to indicate sourceMappingURL pragmas is deprecated. Use //# instead
JavaScript error: http://bdimg.share.baidu.com/static/api/js/trans/logger.js?v=60603cb3.js, line 1: TypeError: n.ajax.request is not a function

###!!! [Parent][MessageChannel] Error: (msgtype=0x16007F,name=PBrowser::Msg_Destroy) Closed channel: cannot send/recv

*** UTM:SVC TimerManager:registerTimer called after profile-before-change notification. Ignoring timer registration for id: telemetry_modules_ping
JavaScript error: http://bdimg.share.baidu.com/static/api/js/trans/logger.js?v=60603cb3.js, line 1: TypeError: n.ajax.request is not a function
[Parent 9108, Gecko_IOThread] WARNING: pipe error (64): Connection reset by peer: file /builddir/build/BUILD/firefox-61.0.1/ipc/chromium/src/chrome/common/ipc_channel_posix.cc, line 353
1533696625893	geckodriver	INFO	geckodriver 0.21.0
1533696625897	geckodriver	INFO	Listening on 127.0.0.1:42119
1533696626957	mozrunner::runner	INFO	Running command: "/usr/bin/firefox" "-marionette" "-foreground" "-no-remote" "-profile" "/tmp/rust_mozprofile.gjd8oddj2vaL"
1533696627143	addons.xpi	WARN	Can't get modified time of /usr/lib64/firefox/browser/features/aushelper@mozilla.org.xpi
1533696627201	addons.xpi-utils	WARN	addMetadata: Add-on aushelper@mozilla.org is invalid: [Exception... "Component returned failure code: 0x80520006 (NS_ERROR_FILE_TARGET_DOES_NOT_EXIST) [nsIFile.isFile]"  nsresult: "0x80520006 (NS_ERROR_FILE_TARGET_DOES_NOT_EXIST)"  location: "JS frame :: resource://gre/modules/addons/XPIInstall.jsm :: get :: line 240"  data: no] Stack trace: get()@resource://gre/modules/addons/XPIInstall.jsm:240
loadManifestFromFile()@resource://gre/modules/addons/XPIInstall.jsm:967
syncLoadManifestFromFile()@resource://gre/modules/addons/XPIInstall.jsm:981
addMetadata()@resource://gre/modules/addons/XPIDatabase.jsm:2490
processFileChanges()@resource://gre/modules/addons/XPIDatabase.jsm:2833
checkForChanges()@resource://gre/modules/addons/XPIProvider.jsm:2152
startup()@resource://gre/modules/addons/XPIProvider.jsm:1591
callProvider()@resource://gre/modules/AddonManager.jsm:207
_startProvider()@resource://gre/modules/AddonManager.jsm:655
startup()@resource://gre/modules/AddonManager.jsm:819
startup()@resource://gre/modules/AddonManager.jsm:2885
observe()@jar:file:///usr/lib64/firefox/omni.ja!/components/addonManager.js:66
1533696627202	addons.xpi-utils	WARN	Could not uninstall invalid item from locked install location
1533696627955	addons.xpi	WARN	Can't get modified time of /usr/lib64/firefox/browser/features/aushelper@mozilla.org.xpi
1533696628071	Marionette	INFO	Listening on port 34997
1533696628167	Marionette	WARN	TLS certificate errors will be ignored for this session
JavaScript warning: http://libs.baidu.com/jquery/1.10.1/jquery.min.js?ver=1.10.1, line 1: Using //@ to indicate sourceMappingURL pragmas is deprecated. Use //# instead
*** UTM:SVC TimerManager:registerTimer called after profile-before-change notification. Ignoring timer registration for id: telemetry_modules_ping
1533696641233	geckodriver	INFO	geckodriver 0.21.0
1533696641237	geckodriver	INFO	Listening on 127.0.0.1:35039
1533696642298	mozrunner::runner	INFO	Running command: "/usr/bin/firefox" "-marionette" "-foreground" "-no-remote" "-profile" "/tmp/rust_mozprofile.xGcZdwmqYSq1"
1533696642482	addons.xpi	WARN	Can't get modified time of /usr/lib64/firefox/browser/features/aushelper@mozilla.org.xpi
1533696642540	addons.xpi-utils	WARN	addMetadata: Add-on aushelper@mozilla.org is invalid: [Exception... "Component returned failure code: 0x80520006 (NS_ERROR_FILE_TARGET_DOES_NOT_EXIST) [nsIFile.isFile]"  nsresult: "0x80520006 (NS_ERROR_FILE_TARGET_DOES_NOT_EXIST)"  location: "JS frame :: resource://gre/modules/addons/XPIInstall.jsm :: get :: line 240"  data: no] Stack trace: get()@resource://gre/modules/addons/XPIInstall.jsm:240
loadManifestFromFile()@resource://gre/modules/addons/XPIInstall.jsm:967
syncLoadManifestFromFile()@resource://gre/modules/addons/XPIInstall.jsm:981
addMetadata()@resource://gre/modules/addons/XPIDatabase.jsm:2490
processFileChanges()@resource://gre/modules/addons/XPIDatabase.jsm:2833
checkForChanges()@resource://gre/modules/addons/XPIProvider.jsm:2152
startup()@resource://gre/modules/addons/XPIProvider.jsm:1591
callProvider()@resource://gre/modules/AddonManager.jsm:207
_startProvider()@resource://gre/modules/AddonManager.jsm:655
startup()@resource://gre/modules/AddonManager.jsm:819
startup()@resource://gre/modules/AddonManager.jsm:2885
observe()@jar:file:///usr/lib64/firefox/omni.ja!/components/addonManager.js:66
1533696642541	addons.xpi-utils	WARN	Could not uninstall invalid item from locked install location
1533696643276	addons.xpi	WARN	Can't get modified time of /usr/lib64/firefox/browser/features/aushelper@mozilla.org.xpi
1533696643525	Marionette	INFO	Listening on port 45721
1533696643627	Marionette	WARN	TLS certificate errors will be ignored for this session
JavaScript warning: http://libs.baidu.com/jquery/1.10.1/jquery.min.js?ver=1.10.1, line 1: Using //@ to indicate sourceMappingURL pragmas is deprecated. Use //# instead
JavaScript error: https://start.fedoraproject.org/, line 292: TypeError: $(...).uls is not a function
JavaScript error: http://bdimg.share.baidu.com/static/api/js/trans/logger.js?v=60603cb3.js, line 1: TypeError: n.ajax.request is not a function
JavaScript warning: http://libs.baidu.com/jquery/1.10.1/jquery.min.js?ver=1.10.1, line 1: Using //@ to indicate sourceMappingURL pragmas is deprecated. Use //# instead
1533696721326	geckodriver	INFO	geckodriver 0.21.0
1533696721330	geckodriver	INFO	Listening on 127.0.0.1:48693
1533696722377	mozrunner::runner	INFO	Running command: "/usr/bin/firefox" "-marionette" "-foreground" "-no-remote" "-profile" "/tmp/rust_mozprofile.qUQeWKoK9yfh"
1533696722558	addons.xpi	WARN	Can't get modified time of /usr/lib64/firefox/browser/features/aushelper@mozilla.org.xpi
1533696722628	addons.xpi-utils	WARN	addMetadata: Add-on aushelper@mozilla.org is invalid: [Exception... "Component returned failure code: 0x80520006 (NS_ERROR_FILE_TARGET_DOES_NOT_EXIST) [nsIFile.isFile]"  nsresult: "0x80520006 (NS_ERROR_FILE_TARGET_DOES_NOT_EXIST)"  location: "JS frame :: resource://gre/modules/addons/XPIInstall.jsm :: get :: line 240"  data: no] Stack trace: get()@resource://gre/modules/addons/XPIInstall.jsm:240
loadManifestFromFile()@resource://gre/modules/addons/XPIInstall.jsm:967
syncLoadManifestFromFile()@resource://gre/modules/addons/XPIInstall.jsm:981
addMetadata()@resource://gre/modules/addons/XPIDatabase.jsm:2490
processFileChanges()@resource://gre/modules/addons/XPIDatabase.jsm:2833
checkForChanges()@resource://gre/modules/addons/XPIProvider.jsm:2152
startup()@resource://gre/modules/addons/XPIProvider.jsm:1591
callProvider()@resource://gre/modules/AddonManager.jsm:207
_startProvider()@resource://gre/modules/AddonManager.jsm:655
startup()@resource://gre/modules/AddonManager.jsm:819
startup()@resource://gre/modules/AddonManager.jsm:2885
observe()@jar:file:///usr/lib64/firefox/omni.ja!/components/addonManager.js:66
1533696722628	addons.xpi-utils	WARN	Could not uninstall invalid item from locked install location
1533696723489	addons.xpi	WARN	Can't get modified time of /usr/lib64/firefox/browser/features/aushelper@mozilla.org.xpi
1533696723625	Marionette	INFO	Listening on port 35277
1533696723696	Marionette	WARN	TLS certificate errors will be ignored for this session
JavaScript error: http://bdimg.share.baidu.com/static/api/js/trans/logger.js?v=60603cb3.js, line 1: TypeError: n.ajax.request is not a function
JavaScript warning: http://libs.baidu.com/jquery/1.10.1/jquery.min.js?ver=1.10.1, line 1: Using //@ to indicate sourceMappingURL pragmas is deprecated. Use //# instead
JavaScript error: http://bdimg.share.baidu.com/static/api/js/trans/logger.js?v=60603cb3.js, line 1: TypeError: n.ajax.request is not a function
JavaScript warning: http://libs.baidu.com/jquery/1.10.1/jquery.min.js?ver=1.10.1, line 1: Using //@ to indicate sourceMappingURL pragmas is deprecated. Use //# instead
*** UTM:SVC TimerManager:registerTimer called after profile-before-change notification. Ignoring timer registration for id: telemetry_modules_ping
